54471184725351713 20480 -rwxrwxr-x   1 splunk   splunk   20970239 Mar 15  2020 /netapp_nysp/audit_NYSPSVM_D2020-03-16-T01-22-58_0000000000.xml
55516420851370040 20480 -rwxrwxr-x   1 splunk   splunk   20970944 Mar 15  2020 /netapp_nysp/audit_NYSPSVM_D2020-03-16-T02-02-51_0000000000.xml
55981355356129337 20480 -rwxrwxr-x   1 splunk   splunk   20970339 Mar 15  2020 /netapp_nysp/audit_NYSPSVM_D2020-03-16-T02-42-55_0000000000.xml
56351547177344287 20480 -rwxrwxr-x   1 splunk   splunk   20970339 Mar 15  2020 /netapp_nysp/audit_NYSPSVM_D2020-03-16-T00-02-31_0000000000.xml
57946818290162976 20480 -rwxrwxr-x   1 splunk   splunk   20971402 Mar 15  2020 /netapp_nysp/audit_NYSPSVM_D2020-03-16-T00-42-24_0000000000.xml
59654866654201916 20480 -rwxrwxr-x   1 splunk   splunk   20970659 Mar 16  2020 /netapp_nysp/audit_NYSPSVM_D2020-03-16-T04-43-56_0000000000.xml
60695537230022717 20480 -rwxrwxr-x   1 splunk   splunk   20971511 Mar 16  2020 /netapp_nysp/audit_NYSPSVM_D2020-03-16-T05-24-19_0000000000.xml
61517490891262010 20480 -rwxrwxr-x   1 splunk   splunk   20971108 Mar 15  2020 /netapp_nysp/audit_NYSPSVM_D2020-03-16-T03-23-29_0000000000.xml
62562842981435451 20480 -rwxrwxr-x   1 splunk   splunk   20971415 Mar 16  2020 /netapp_nysp/audit_NYSPSVM_D2020-03-16-T04-03-33_0000000000.xml
63246060609079360 20480 -rwxrwxr-x   1 splunk   splunk   20971284 Mar 16  2020 /netapp_nysp/audit_NYSPSVM_D2020-03-16-T07-24-38_0000000000.xml
64273824808175681 20480 -rwxrwxr-x   1 splunk   splunk   20971024 Mar 16  2020 /netapp_nysp/audit_NYSPSVM_D2020-03-16-T08-05-11_0000000000.xml
66239953462102078 20480 -rwxrwxr-x   1 splunk   splunk   20970435 Mar 16  2020 /netapp_nysp/audit_NYSPSVM_D2020-03-16-T06-04-22_0000000000.xml
66708942415988799 20480 -rwxrwxr-x   1 splunk   splunk   20970986 Mar 16  2020 /netapp_nysp/audit_NYSPSVM_D2020-03-16-T06-44-45_0000000000.xml
67963614032300100 20480 -rwxrwxr-x   1 splunk   splunk   20971197 Mar 16  2020 /netapp_nysp/audit_NYSPSVM_D2020-03-16-T10-06-13_0000000000.xml
69000586641279045 20480 -rwxrwxr-x   1 splunk   splunk   20970387 Mar 16  2020 /netapp_nysp/audit_NYSPSVM_D2020-03-16-T10-45-26_0000000000.xml
69822467288074306 20480 -rwxrwxr-x   1 splunk   splunk   20970409 Mar 16  2020 /netapp_nysp/audit_NYSPSVM_D2020-03-16-T08-45-54_0000000000.xml
71434527428053059 20480 -rwxrwxr-x   1 splunk   splunk   20970362 Mar 16  2020 /netapp_nysp/audit_NYSPSVM_D2020-03-16-T09-25-58_0000000000.xml
90660647880774283 20480 -rwxrwxr-x   1 splunk   splunk   20970374 Mar 18  2020 /netapp_nysp/audit_NYSPSVM_D2020-03-18-T23-44-40_0000000000.xml
92251477997408908 20480 -rwxrwxr-x   1 splunk   splunk   20971110 Mar 18  2020 /netapp_nysp/audit_NYSPSVM_D2020-03-19-T00-24-54_0000000000.xml
92634846778249864 20480 -rwxrwxr-x   1 splunk   splunk   20970533 Mar 18  2020 /netapp_nysp/audit_NYSPSVM_D2020-03-18-T21-44-31_0000000000.xml
93095593689895561 20480 -rwxrwxr-x   1 splunk   splunk   20970284 Mar 18  2020 /netapp_nysp/audit_NYSPSVM_D2020-03-18-T22-24-54_0000000000.xml
94136483309048458 20480 -rwxrwxr-x   1 splunk   splunk   20971089 Mar 18  2020 /netapp_nysp/audit_NYSPSVM_D2020-03-18-T23-04-47_0000000000.xml
97791723816243853 20480 -rwxrwxr-x   1 splunk   splunk   20970324 Mar 18  2020 /netapp_nysp/audit_NYSPSVM_D2020-03-19-T01-04-58_0000000000.xml
117397137125954177 20480 -rwxrwxr-x   1 splunk   splunk   20970166 Mar 18  2020 /netapp_nysp/audit_NYSPSVM_D2020-03-18-T17-19-53_0000000000.xml
117801529771709058 20480 -rwxrwxr-x   1 splunk   splunk   20971451 Mar 18  2020 /netapp_nysp/audit_NYSPSVM_D2020-03-18-T17-57-16_0000000000.xml
119327643321127555 20480 -rwxrwxr-x   1 splunk   splunk   20971076 Mar 18  2020 /netapp_nysp/audit_NYSPSVM_D2020-03-18-T18-32-57_0000000000.xml
120933162225914496 20480 -rwxrwxr-x   1 splunk   splunk   20970532 Mar 18  2020 /netapp_nysp/audit_NYSPSVM_D2020-03-18-T16-42-21_0000000000.xml
121601772669784710 20480 -rwxrwxr-x   1 splunk   splunk   20971362 Mar 18  2020 /netapp_nysp/audit_NYSPSVM_D2020-03-18-T20-25-34_0000000000.xml
123149605868819079 20480 -rwxrwxr-x   1 splunk   splunk   20971197 Mar 18  2020 /netapp_nysp/audit_NYSPSVM_D2020-03-18-T21-04-47_0000000000.xml
124751096094282372 20480 -rwxrwxr-x   1 splunk   splunk   20970634 Mar 18  2020 /netapp_nysp/audit_NYSPSVM_D2020-03-18-T19-09-09_0000000000.xml
125120970087879301 20480 -rwxrwxr-x   1 splunk   splunk   20971251 Mar 18  2020 /netapp_nysp/audit_NYSPSVM_D2020-03-18-T19-47-21_0000000000.xml
180559987037891607 20480 -rwxrwxr-x   1 splunk   splunk   20970702 Mar 12  2020 /netapp_nysp/audit_NYSPSVM_D2020-03-12-T15-42-56_0000000000.xml
180882328628423704 20480 -rwxrwxr-x   1 splunk   splunk   20970692 Mar 12  2020 /netapp_nysp/audit_NYSPSVM_D2020-03-12-T16-19-49_0000000000.xml
182395647470267417 20480 -rwxrwxr-x   1 splunk   splunk   20970971 Mar 12  2020 /netapp_nysp/audit_NYSPSVM_D2020-03-12-T16-58-11_0000000000.xml
183254305922018325 20480 -rwxrwxr-x   1 splunk   splunk   20971173 Mar 12  2020 /netapp_nysp/audit_NYSPSVM_D2020-03-12-T14-34-04_0000000000.xml
183611170459675670 20480 -rwxrwxr-x   1 splunk   splunk   20970341 Mar 12  2020 /netapp_nysp/audit_NYSPSVM_D2020-03-12-T15-08-35_0000000000.xml
184743701796023324 20480 -rwxrwxr-x   1 splunk   splunk   20970627 Mar 12  2020 /netapp_nysp/audit_NYSPSVM_D2020-03-12-T18-45-08_0000000000.xml
186140339261336605 20480 -rwxrwxr-x   1 splunk   splunk   20971222 Mar 12  2020 /netapp_nysp/audit_NYSPSVM_D2020-03-12-T19-22-09_0000000000.xml
187888073123228698 20480 -rwxrwxr-x   1 splunk   splunk   20970812 Mar 12  2020 /netapp_nysp/audit_NYSPSVM_D2020-03-12-T17-35-54_0000000000.xml
188297258952485915 20480 -rwxrwxr-x   1 splunk   splunk   20971224 Mar 12  2020 /netapp_nysp/audit_NYSPSVM_D2020-03-12-T18-12-46_0000000000.xml
212037042141064210 20480 -rwxrwxr-x   1 splunk   splunk   20971371 Mar 12  2020 /netapp_nysp/audit_NYSPSVM_D2020-03-12-T12-45-47_0000000000.xml
212346107987684371 20480 -rwxrwxr-x   1 splunk   splunk   20971167 Mar 12  2020 /netapp_nysp/audit_NYSPSVM_D2020-03-12-T13-21-50_0000000000.xml
213837801669192724 20480 -rwxrwxr-x   1 splunk   splunk   20971065 Mar 12  2020 /netapp_nysp/audit_NYSPSVM_D2020-03-12-T13-58-22_0000000000.xml
214064966784445456 20480 -rwxrwxr-x   1 splunk   splunk   20970221 Mar 12  2020 /netapp_nysp/audit_NYSPSVM_D2020-03-12-T11-35-26_0000000000.xml
215599657383554065 20480 -rwxrwxr-x   1 splunk   splunk   20971143 Mar 12  2020 /netapp_nysp/audit_NYSPSVM_D2020-03-12-T12-11-57_0000000000.xml
221185992496553236 20480 -rwxrwxr-x   1 splunk   splunk   20970288 Mar 15  2020 /netapp_nysp/audit_NYSPSVM_D2020-03-15-T16-41-09_0000000000.xml
222213486112709909 20480 -rwxrwxr-x   1 splunk   splunk   20970407 Mar 15  2020 /netapp_nysp/audit_NYSPSVM_D2020-03-15-T17-21-33_0000000000.xml
225792722878635289 20480 -rwxrwxr-x   1 splunk   splunk   20970498 Mar 15  2020 /netapp_nysp/audit_NYSPSVM_D2020-03-15-T20-01-48_0000000000.xml
227383982491999514 20480 -rwxrwxr-x   1 splunk   splunk   20970412 Mar 15  2020 /netapp_nysp/audit_NYSPSVM_D2020-03-15-T20-42-12_0000000000.xml
227757996834069782 20480 -rwxrwxr-x   1 splunk   splunk   20970602 Mar 15  2020 /netapp_nysp/audit_NYSPSVM_D2020-03-15-T18-01-36_0000000000.xml
228227432464555287 20480 -rwxrwxr-x   1 splunk   splunk   20971393 Mar 15  2020 /netapp_nysp/audit_NYSPSVM_D2020-03-15-T18-41-39_0000000000.xml
229259521695718680 20480 -rwxrwxr-x   1 splunk   splunk   20970211 Mar 15  2020 /netapp_nysp/audit_NYSPSVM_D2020-03-15-T19-21-53_0000000000.xml
229935966159936797 20480 -rwxrwxr-x   1 splunk   splunk   20970547 Mar 15  2020 /netapp_nysp/audit_NYSPSVM_D2020-03-15-T22-42-43_0000000000.xml
230968128405544222 20480 -rwxrwxr-x   1 splunk   splunk   20970748 Mar 15  2020 /netapp_nysp/audit_NYSPSVM_D2020-03-15-T23-22-27_0000000000.xml
232928871170481435 20480 -rwxrwxr-x   1 splunk   splunk   20970792 Mar 15  2020 /netapp_nysp/audit_NYSPSVM_D2020-03-15-T21-22-16_0000000000.xml
233961351243668764 20480 -rwxrwxr-x   1 splunk   splunk   20970334 Mar 15  2020 /netapp_nysp/audit_NYSPSVM_D2020-03-15-T22-02-40_0000000000.xml
288454590625090470 20480 -rwxrwxr-x   1 splunk   splunk   20970755 Mar 25  2020 /netapp_nysp/audit_NYSPSVM_D2020-03-25-T06-58-41_0000000000.xml
289495136646859687 20480 -rwxrwxr-x   1 splunk   splunk   20971241 Mar 25  2020 /netapp_nysp/audit_NYSPSVM_D2020-03-25-T07-39-04_0000000000.xml
291448101226023844 20480 -rwxrwxr-x   1 splunk   splunk   20971052 Mar 25  2020 /netapp_nysp/audit_NYSPSVM_D2020-03-25-T05-38-05_0000000000.xml
292484618568469413 20480 -rwxrwxr-x   1 splunk   splunk   20970169 Mar 25  2020 /netapp_nysp/audit_NYSPSVM_D2020-03-25-T06-18-18_0000000000.xml
293197157937843114 20480 -rwxrwxr-x   1 splunk   splunk   20970174 Mar 25  2020 /netapp_nysp/audit_NYSPSVM_D2020-03-25-T09-40-53_0000000000.xml
294238172111047595 20480 -rwxrwxr-x   1 splunk   splunk   20970411 Mar 25  2020 /netapp_nysp/audit_NYSPSVM_D2020-03-25-T10-20-57_0000000000.xml
295039527109135272 20480 -rwxrwxr-x   1 splunk   splunk   20970345 Mar 25  2020 /netapp_nysp/audit_NYSPSVM_D2020-03-25-T08-19-57_0000000000.xml
296655929461050281 20480 -rwxrwxr-x   1 splunk   splunk   20970799 Mar 25  2020 /netapp_nysp/audit_NYSPSVM_D2020-03-25-T09-00-29_0000000000.xml
299774256106572716 20480 -rwxrwxr-x   1 splunk   splunk   20970261 Mar 25  2020 /netapp_nysp/audit_NYSPSVM_D2020-03-25-T11-00-50_0000000000.xml
300239139071724461 20480 -rwxrwxr-x   1 splunk   splunk   20970591 Mar 25  2020 /netapp_nysp/audit_NYSPSVM_D2020-03-25-T11-39-03_0000000000.xml
320328058324781986 20480 -rwxrwxr-x   1 splunk   splunk   20970235 Mar 25  2020 /netapp_nysp/audit_NYSPSVM_D2020-03-25-T04-17-17_0000000000.xml
321927594340125603 20480 -rwxrwxr-x   1 splunk   splunk   20970533 Mar 25  2020 /netapp_nysp/audit_NYSPSVM_D2020-03-25-T04-57-51_0000000000.xml
322749831469206432 20480 -rwxrwxr-x   1 splunk   splunk   20971367 Mar 24  2020 /netapp_nysp/audit_NYSPSVM_D2020-03-25-T02-56-39_0000000000.xml
323790583649405857 20480 -rwxrwxr-x   1 splunk   splunk   20971133 Mar 24  2020 /netapp_nysp/audit_NYSPSVM_D2020-03-25-T03-37-03_0000000000.xml
378589242450313440 20480 -rwxrwxr-x   1 splunk   splunk   20970469 Mar 26  2020 /netapp_nysp/audit_NYSPSVM_D2020-03-26-T17-31-05_0000000000.xml
378929249241333985 20480 -rwxrwxr-x   1 splunk   splunk   20970926 Mar 26  2020 /netapp_nysp/audit_NYSPSVM_D2020-03-26-T18-09-07_0000000000.xml
380472534070001890 20480 -rwxrwxr-x   1 splunk   splunk   20970707 Mar 26  2020 /netapp_nysp/audit_NYSPSVM_D2020-03-26-T18-46-29_0000000000.xml
381102176275595486 20480 -rwxrwxr-x   1 splunk   splunk   20970450 Mar 26  2020 /netapp_nysp/audit_NYSPSVM_D2020-03-26-T16-17-09_0000000000.xml
382090783257854175 20480 -rwxrwxr-x   1 splunk   splunk   20971509 Mar 26  2020 /netapp_nysp/audit_NYSPSVM_D2020-03-26-T16-56-02_0000000000.xml
382837635120955621 20480 -rwxrwxr-x   1 splunk   splunk   20971308 Mar 26  2020 /netapp_nysp/audit_NYSPSVM_D2020-03-26-T20-41-58_0000000000.xml
384411263893569766 20480 -rwxrwxr-x   1 splunk   splunk   20970510 Mar 26  2020 /netapp_nysp/audit_NYSPSVM_D2020-03-26-T21-21-52_0000000000.xml
385939138379579619 20480 -rwxrwxr-x   1 splunk   splunk   20970766 Mar 26  2020 /netapp_nysp/audit_NYSPSVM_D2020-03-26-T19-24-42_0000000000.xml
386361041607000292 20480 -rwxrwxr-x   1 splunk   splunk   20971151 Mar 26  2020 /netapp_nysp/audit_NYSPSVM_D2020-03-26-T20-02-45_0000000000.xml
389943220425523431 20480 -rwxrwxr-x   1 splunk   splunk   20971324 Mar 26  2020 /netapp_nysp/audit_NYSPSVM_D2020-03-26-T22-01-56_0000000000.xml
390975721973547240 20480 -rwxrwxr-x   1 splunk   splunk   20970438 Mar 26  2020 /netapp_nysp/audit_NYSPSVM_D2020-03-26-T22-42-09_0000000000.xml
391449297952506089 20480 -rwxrwxr-x   1 splunk   splunk   20970885 Mar 26  2020 /netapp_nysp/audit_NYSPSVM_D2020-03-26-T23-22-23_0000000000.xml
398984328447133292 20480 -rwxrwxr-x   1 splunk   splunk   20970538 Mar 26  2020 /netapp_nysp/audit_NYSPSVM_D2020-03-26-T04-34-51_0000000000.xml
400021258106439277 20480 -rwxrwxr-x   1 splunk   splunk   20971281 Mar 26  2020 /netapp_nysp/audit_NYSPSVM_D2020-03-26-T05-15-04_0000000000.xml
410683995455029468 20480 -rwxrwxr-x   1 splunk   splunk   20970965 Mar 26  2020 /netapp_nysp/audit_NYSPSVM_D2020-03-26-T15-00-45_0000000000.xml
411084136083161309 20480 -rwxrwxr-x   1 splunk   splunk   20971507 Mar 26  2020 /netapp_nysp/audit_NYSPSVM_D2020-03-26-T15-38-47_0000000000.xml
419149096822638177 20480 -rwxrwxr-x   1 splunk   splunk   20970974 Mar 25  2020 /netapp_nysp/audit_NYSPSVM_D2020-03-25-T21-13-30_0000000000.xml
419610127202125410 20480 -rwxrwxr-x   1 splunk   splunk   20970253 Mar 25  2020 /netapp_nysp/audit_NYSPSVM_D2020-03-25-T21-53-04_0000000000.xml
420629662243882595 20480 -rwxrwxr-x   1 splunk   splunk   20970373 Mar 25  2020 /netapp_nysp/audit_NYSPSVM_D2020-03-25-T22-32-57_0000000000.xml
422668058017531488 20480 -rwxrwxr-x   1 splunk   splunk   20970264 Mar 25  2020 /netapp_nysp/audit_NYSPSVM_D2020-03-25-T20-33-46_0000000000.xml
424276845392430694 20480 -rwxrwxr-x   1 splunk   splunk   20971370 Mar 25  2020 /netapp_nysp/audit_NYSPSVM_D2020-03-26-T00-32-49_0000000000.xml
425309372710258279 20480 -rwxrwxr-x   1 splunk   splunk   20970286 Mar 25  2020 /netapp_nysp/audit_NYSPSVM_D2020-03-26-T01-13-02_0000000000.xml
426161124854597220 20480 -rwxrwxr-x   1 splunk   splunk   20970823 Mar 25  2020 /netapp_nysp/audit_NYSPSVM_D2020-03-25-T23-12-31_0000000000.xml
427743807418271333 20480 -rwxrwxr-x   1 splunk   splunk   20970937 Mar 25  2020 /netapp_nysp/audit_NYSPSVM_D2020-03-25-T23-52-45_0000000000.xml
427864354265368170 20480 -rwxrwxr-x   1 splunk   splunk   20971236 Mar 25  2020 /netapp_nysp/audit_NYSPSVM_D2020-03-26-T03-14-13_0000000000.xml
429468786543429227 20480 -rwxrwxr-x   1 splunk   splunk   20971368 Mar 25  2020 /netapp_nysp/audit_NYSPSVM_D2020-03-26-T03-54-36_0000000000.xml
430286423762536040 20480 -rwxrwxr-x   1 splunk   splunk   20970431 Mar 25  2020 /netapp_nysp/audit_NYSPSVM_D2020-03-26-T01-53-25_0000000000.xml
431327128698095209 20480 -rwxrwxr-x   1 splunk   splunk   20971499 Mar 25  2020 /netapp_nysp/audit_NYSPSVM_D2020-03-26-T02-33-48_0000000000.xml
525514206721174231 20480 -rwxrwxr-x   1 splunk   splunk   20970382 Mar 22  2020 /netapp_nysp/audit_NYSPSVM_D2020-03-22-T19-17-58_0000000000.xml
545140875824032459 20480 -rwxrwxr-x   1 splunk   splunk   20970883 Mar 22  2020 /netapp_nysp/audit_NYSPSVM_D2020-03-22-T11-57-54_0000000000.xml
546168433864698572 20480 -rwxrwxr-x   1 splunk   splunk   20971038 Mar 22  2020 /netapp_nysp/audit_NYSPSVM_D2020-03-22-T12-33-45_0000000000.xml
549170800688196298 20480 -rwxrwxr-x   1 splunk   splunk   20971249 Mar 22  2020 /netapp_nysp/audit_NYSPSVM_D2020-03-22-T11-18-01_0000000000.xml
550037550858332880 20480 -rwxrwxr-x   1 splunk   splunk   20970453 Mar 22  2020 /netapp_nysp/audit_NYSPSVM_D2020-03-22-T15-07-54_0000000000.xml
551627676600330961 20480 -rwxrwxr-x   1 splunk   splunk   20971119 Mar 22  2020 /netapp_nysp/audit_NYSPSVM_D2020-03-22-T15-43-55_0000000000.xml
552159041364257485 20480 -rwxrwxr-x   1 splunk   splunk   20970243 Mar 22  2020 /netapp_nysp/audit_NYSPSVM_D2020-03-22-T13-07-46_0000000000.xml
552472475192617678 20480 -rwxrwxr-x   1 splunk   splunk   20970523 Mar 22  2020 /netapp_nysp/audit_NYSPSVM_D2020-03-22-T13-47-49_0000000000.xml
553504590193584847 20480 -rwxrwxr-x   1 splunk   splunk   20971394 Mar 22  2020 /netapp_nysp/audit_NYSPSVM_D2020-03-22-T14-28-02_0000000000.xml
554227235621006036 20480 -rwxrwxr-x   1 splunk   splunk   20971174 Mar 22  2020 /netapp_nysp/audit_NYSPSVM_D2020-03-22-T17-28-51_0000000000.xml
554697019143842517 20480 -rwxrwxr-x   1 splunk   splunk   20971438 Mar 22  2020 /netapp_nysp/audit_NYSPSVM_D2020-03-22-T17-58-01_0000000000.xml
556011519654587094 20480 -rwxrwxr-x   1 splunk   splunk   20971062 Mar 22  2020 /netapp_nysp/audit_NYSPSVM_D2020-03-22-T18-37-54_0000000000.xml
557059556099320530 20480 -rwxrwxr-x   1 splunk   splunk   20970284 Mar 22  2020 /netapp_nysp/audit_NYSPSVM_D2020-03-22-T16-13-36_0000000000.xml
557824223486765779 20480 -rwxrwxr-x   1 splunk   splunk   20971499 Mar 22  2020 /netapp_nysp/audit_NYSPSVM_D2020-03-22-T16-48-47_0000000000.xml
577057658268726953 20480 -rwxrwxr-x   1 splunk   splunk   20971253 Mar  1  2020 /netapp_nysp/audit_NYSPSVM_D2020-03-01-T23-59-34_0000000000.xml
579431830290609831 20480 -rwxrwxr-x   1 splunk   splunk   20970672 Mar  1  2020 /netapp_nysp/audit_NYSPSVM_D2020-03-01-T22-37-06_0000000000.xml
580498700166936232 20480 -rwxrwxr-x   1 splunk   splunk   20971357 Mar  1  2020 /netapp_nysp/audit_NYSPSVM_D2020-03-01-T23-18-20_0000000000.xml
599859188671624860 20480 -rwxrwxr-x   1 splunk   splunk   20970199 Mar  1  2020 /netapp_nysp/audit_NYSPSVM_D2020-03-01-T15-04-26_0000000000.xml
600358839397037725 20480 -rwxrwxr-x   1 splunk   splunk   20971185 Mar  1  2020 /netapp_nysp/audit_NYSPSVM_D2020-03-01-T15-45-29_0000000000.xml
603532343487411872 20480 -rwxrwxr-x   1 splunk   splunk   20970262 Mar  1  2020 /netapp_nysp/audit_NYSPSVM_D2020-03-01-T17-48-27_0000000000.xml
605148595515471521 20480 -rwxrwxr-x   1 splunk   splunk   20970918 Mar  1  2020 /netapp_nysp/audit_NYSPSVM_D2020-03-01-T18-29-21_0000000000.xml
605920225044903582 20480 -rwxrwxr-x   1 splunk   splunk   20970264 Mar  1  2020 /netapp_nysp/audit_NYSPSVM_D2020-03-01-T16-26-12_0000000000.xml
606969399655970463 20480 -rwxrwxr-x   1 splunk   splunk   20970470 Mar  1  2020 /netapp_nysp/audit_NYSPSVM_D2020-03-01-T17-07-35_0000000000.xml
608323366621197988 20480 -rwxrwxr-x   1 splunk   splunk   20970206 Mar  1  2020 /netapp_nysp/audit_NYSPSVM_D2020-03-01-T20-33-04_0000000000.xml
608827509882402469 20480 -rwxrwxr-x   1 splunk   splunk   20970535 Mar  1  2020 /netapp_nysp/audit_NYSPSVM_D2020-03-01-T21-14-17_0000000000.xml
609889874338035366 20480 -rwxrwxr-x   1 splunk   splunk   20970647 Mar  1  2020 /netapp_nysp/audit_NYSPSVM_D2020-03-01-T21-55-42_0000000000.xml
610705952484013730 20480 -rwxrwxr-x   1 splunk   splunk   20970762 Mar  1  2020 /netapp_nysp/audit_NYSPSVM_D2020-03-01-T19-10-34_0000000000.xml
611768321234613923 20480 -rwxrwxr-x   1 splunk   splunk   20971044 Mar  1  2020 /netapp_nysp/audit_NYSPSVM_D2020-03-01-T19-51-39_0000000000.xml
667317577110606626 20480 -rwxrwxr-x   1 splunk   splunk   20970492 Mar  3  2020 /netapp_nysp/audit_NYSPSVM_D2020-03-03-T11-03-50_0000000000.xml
668375629419074339 20480 -rwxrwxr-x   1 splunk   splunk   20970151 Mar  3  2020 /netapp_nysp/audit_NYSPSVM_D2020-03-03-T11-44-03_0000000000.xml
671956519747408678 20480 -rwxrwxr-x   1 splunk   splunk   20971177 Mar  3  2020 /netapp_nysp/audit_NYSPSVM_D2020-03-03-T13-36-58_0000000000.xml
672321622032339751 20480 -rwxrwxr-x   1 splunk   splunk   20971208 Mar  3  2020 /netapp_nysp/audit_NYSPSVM_D2020-03-03-T14-12-29_0000000000.xml
673915501575754532 20480 -rwxrwxr-x   1 splunk   splunk   20970193 Mar  3  2020 /netapp_nysp/audit_NYSPSVM_D2020-03-03-T12-23-25_0000000000.xml
675493146142790437 20480 -rwxrwxr-x   1 splunk   splunk   20971057 Mar  3  2020 /netapp_nysp/audit_NYSPSVM_D2020-03-03-T13-00-57_0000000000.xml
676121744671331115 20480 -rwxrwxr-x   1 splunk   splunk   20971432 Mar  3  2020 /netapp_nysp/audit_NYSPSVM_D2020-03-03-T16-38-47_0000000000.xml
677570007643542316 20480 -rwxrwxr-x   1 splunk   splunk   20970630 Mar  3  2020 /netapp_nysp/audit_NYSPSVM_D2020-03-03-T17-16-18_0000000000.xml
678303523633189672 20480 -rwxrwxr-x   1 splunk   splunk   20970954 Mar  3  2020 /netapp_nysp/audit_NYSPSVM_D2020-03-03-T14-49-40_0000000000.xml
679261799556404009 20480 -rwxrwxr-x   1 splunk   splunk   20970354 Mar  3  2020 /netapp_nysp/audit_NYSPSVM_D2020-03-03-T15-26-22_0000000000.xml
679644648646202154 20480 -rwxrwxr-x   1 splunk   splunk   20970987 Mar  3  2020 /netapp_nysp/audit_NYSPSVM_D2020-03-03-T16-04-25_0000000000.xml
680527041087230767 20480 -rwxrwxr-x   1 splunk   splunk   20970287 Mar  3  2020 /netapp_nysp/audit_NYSPSVM_D2020-03-03-T19-11-15_0000000000.xml
682477720743793453 20480 -rwxrwxr-x   1 splunk   splunk   20971000 Mar  3  2020 /netapp_nysp/audit_NYSPSVM_D2020-03-03-T17-55-30_0000000000.xml
683487703778284334 20480 -rwxrwxr-x   1 splunk   splunk   20971437 Mar  3  2020 /netapp_nysp/audit_NYSPSVM_D2020-03-03-T18-33-31_0000000000.xml
734830404259672674 20480 -rwxrwxr-x   1 splunk   splunk   20971263 Feb 27  2020 /netapp_nysp/audit_NYSPSVM_D2020-02-27-T11-35-38_0000000000.xml
735853989455589987 20480 -rwxrwxr-x   1 splunk   splunk   20971165 Feb 27  2020 /netapp_nysp/audit_NYSPSVM_D2020-02-27-T12-08-59_0000000000.xml
793565018335151318 20480 -rwxrwxr-x   1 splunk   splunk   20970871 Feb 28  2020 /netapp_nysp/audit_NYSPSVM_D2020-02-29-T01-14-50_0000000000.xml
794636299142890711 20480 -rwxrwxr-x   1 splunk   splunk   20970517 Feb 28  2020 /netapp_nysp/audit_NYSPSVM_D2020-02-29-T01-56-24_0000000000.xml
797282553048007898 20480 -rwxrwxr-x   1 splunk   splunk   20970494 Feb 28  2020 /netapp_nysp/audit_NYSPSVM_D2020-02-29-T04-00-46_0000000000.xml
798349452989105371 20480 -rwxrwxr-x   1 splunk   splunk   20971008 Feb 28  2020 /netapp_nysp/audit_NYSPSVM_D2020-02-29-T04-42-12_0000000000.xml
799647920386933976 20480 -rwxrwxr-x   1 splunk   splunk   20971021 Feb 28  2020 /netapp_nysp/audit_NYSPSVM_D2020-02-29-T02-37-58_0000000000.xml
800719347223561433 20480 -rwxrwxr-x   1 splunk   splunk   20970463 Feb 28  2020 /netapp_nysp/audit_NYSPSVM_D2020-02-29-T03-19-22_0000000000.xml
802101205706409182 20480 -rwxrwxr-x   1 splunk   splunk   20970952 Feb 29  2020 /netapp_nysp/audit_NYSPSVM_D2020-02-29-T06-46-05_0000000000.xml
803172392024868063 20480 -rwxrwxr-x   1 splunk   splunk   20971207 Feb 29  2020 /netapp_nysp/audit_NYSPSVM_D2020-02-29-T07-27-29_0000000000.xml